<?xml version="1.0" encoding="UTF-8"?>
<coverage generated="1723260089260" clover="3.2.0">
  <project timestamp="1723260089260" name="All files">
    <metrics statements="26" coveredstatements="24" conditionals="8" coveredconditionals="7" methods="9" coveredmethods="9" elements="43" coveredelements="40" complexity="0" loc="26" ncloc="26" packages="2" files="2" classes="2"/>
    <package name="components">
      <metrics statements="25" coveredstatements="23" conditionals="8" coveredconditionals="7" methods="9" coveredmethods="9"/>
      <file name="Body.js" path="C:\Users\Shashi Anand\OneDrive\Desktop\Learn_React\LearnReact\src\components\Body.js">
        <metrics statements="25" coveredstatements="23" conditionals="8" coveredconditionals="7" methods="9" coveredmethods="9"/>
        <line num="11" count="1" type="stmt"/>
        <line num="12" count="10" type="stmt"/>
        <line num="13" count="9" type="stmt"/>
        <line num="14" count="9" type="stmt"/>
        <line num="17" count="3" type="stmt"/>
        <line num="18" count="3" type="stmt"/>
        <line num="19" count="3" type="stmt"/>
        <line num="20" count="3" type="stmt"/>
        <line num="22" count="3" type="stmt"/>
        <line num="26" count="3" type="stmt"/>
        <line num="31" count="0" type="stmt"/>
        <line num="35" count="9" type="stmt"/>
        <line num="36" count="3" type="stmt"/>
        <line num="40" count="16" type="stmt"/>
        <line num="41" count="1" type="stmt"/>
        <line num="44" count="16" type="cond" truecount="2" falsecount="0"/>
        <line num="45" count="1" type="stmt"/>
        <line num="48" count="9" type="stmt"/>
        <line num="49" count="9" type="stmt"/>
        <line num="51" count="9" type="stmt"/>
        <line num="52" count="9" type="cond" truecount="1" falsecount="1"/>
        <line num="53" count="0" type="stmt"/>
        <line num="54" count="9" type="cond" truecount="2" falsecount="0"/>
        <line num="61" count="1" type="stmt"/>
        <line num="70" count="77" type="stmt"/>
      </file>
    </package>
    <package name="components.mocks">
      <metrics statements="1" coveredstatements="1" conditionals="0" coveredconditionals="0" methods="0" coveredmethods="0"/>
      <file name="RestaurantMockData.js" path="C:\Users\Shashi Anand\OneDrive\Desktop\Learn_React\LearnReact\src\components\mocks\RestaurantMockData.js">
        <metrics statements="1" coveredstatements="1" conditionals="0" coveredconditionals="0" methods="0" coveredmethods="0"/>
        <line num="3" count="1" type="stmt"/>
      </file>
    </package>
  </project>
</coverage>
