<?xml version="1.0" encoding="UTF-8"?>
<coverage generated="1722792027872" clover="3.2.0">
  <project timestamp="1722792027872" name="All files">
    <metrics statements="27" coveredstatements="21" conditionals="4" coveredconditionals="2" methods="12" coveredmethods="7" elements="43" coveredelements="30" complexity="0" loc="27" ncloc="27" packages="2" files="7" classes="7"/>
    <package name="components">
      <metrics statements="12" coveredstatements="11" conditionals="4" coveredconditionals="2" methods="5" coveredmethods="5"/>
      <file name="ContactUs.js" path="C:\Users\Shashi Anand\OneDrive\Desktop\Learn_React\LearnReact\src\components\ContactUs.js">
        <metrics statements="2" coveredstatements="2" conditionals="0" coveredconditionals="0" methods="1" coveredmethods="1"/>
        <line num="3" count="1" type="stmt"/>
        <line num="4" count="3" type="stmt"/>
      </file>
      <file name="Header.js" path="C:\Users\Shashi Anand\OneDrive\Desktop\Learn_React\LearnReact\src\components\Header.js">
        <metrics statements="8" coveredstatements="7" conditionals="4" coveredconditionals="2" methods="3" coveredmethods="3"/>
        <line num="8" count="1" type="stmt"/>
        <line num="9" count="6" type="stmt"/>
        <line num="10" count="6" type="stmt"/>
        <line num="11" count="6" type="stmt"/>
        <line num="12" count="11" type="stmt"/>
        <line num="14" count="6" type="stmt"/>
        <line num="39" count="1" type="cond" truecount="1" falsecount="1"/>
        <line num="40" count="0" type="stmt"/>
      </file>
      <file name="Sum.js" path="C:\Users\Shashi Anand\OneDrive\Desktop\Learn_React\LearnReact\src\components\Sum.js">
        <metrics statements="2" coveredstatements="2" conditionals="0" coveredconditionals="0" methods="1" coveredmethods="1"/>
        <line num="2" count="1" type="stmt"/>
        <line num="3" count="1" type="stmt"/>
      </file>
    </package>
    <package name="utils">
      <metrics statements="15" coveredstatements="10" conditionals="0" coveredconditionals="0" methods="7" coveredmethods="2"/>
      <file name="appStore.js" path="C:\Users\Shashi Anand\OneDrive\Desktop\Learn_React\LearnReact\src\utils\appStore.js">
        <metrics statements="1" coveredstatements="1" conditionals="0" coveredconditionals="0" methods="0" coveredmethods="0"/>
        <line num="4" count="1" type="stmt"/>
      </file>
      <file name="cartSlice.js" path="C:\Users\Shashi Anand\OneDrive\Desktop\Learn_React\LearnReact\src\utils\cartSlice.js">
        <metrics statements="5" coveredstatements="2" conditionals="0" coveredconditionals="0" methods="3" coveredmethods="0"/>
        <line num="3" count="1" type="stmt"/>
        <line num="10" count="0" type="stmt"/>
        <line num="13" count="0" type="stmt"/>
        <line num="16" count="0" type="stmt"/>
        <line num="21" count="1" type="stmt"/>
      </file>
      <file name="useOnlineStatus.js" path="C:\Users\Shashi Anand\OneDrive\Desktop\Learn_React\LearnReact\src\utils\useOnlineStatus.js">
        <metrics statements="8" coveredstatements="6" conditionals="0" coveredconditionals="0" methods="4" coveredmethods="2"/>
        <line num="3" count="1" type="stmt"/>
        <line num="4" count="6" type="stmt"/>
        <line num="6" count="6" type="stmt"/>
        <line num="7" count="5" type="stmt"/>
        <line num="8" count="0" type="stmt"/>
        <line num="10" count="5" type="stmt"/>
        <line num="11" count="0" type="stmt"/>
        <line num="15" count="6" type="stmt"/>
      </file>
      <file name="userContext.js" path="C:\Users\Shashi Anand\OneDrive\Desktop\Learn_React\LearnReact\src\utils\userContext.js">
        <metrics statements="1" coveredstatements="1" conditionals="0" coveredconditionals="0" methods="0" coveredmethods="0"/>
        <line num="3" count="1" type="stmt"/>
      </file>
    </package>
  </project>
</coverage>
