{"C:\\Users\\Shashi Anand\\OneDrive\\Desktop\\Learn_React\\LearnReact\\src\\components\\ContactUs.js": {"path":"C:\\Users\\Shashi Anand\\OneDrive\\Desktop\\Learn_React\\LearnReact\\src\\components\\ContactUs.js","statementMap":{"0":{"start":{"line":3,"column":18},"end":{"line":14,"column":1}},"1":{"start":{"line":4,"column":2},"end":{"line":13,"column":4}}},"fnMap":{"0":{"name":"(anonymous_0)","decl":{"start":{"line":3,"column":18},"end":{"line":3,"column":19}},"loc":{"start":{"line":3,"column":24},"end":{"line":14,"column":1}},"line":3}},"branchMap":{},"s":{"0":1,"1":3},"f":{"0":3},"b":{},"_coverageSchema":"1a1c01bbd47fc00a2c39e90264f33305004495a9","hash":"b43c7540173548892494ddab5e54878199058366"}
,"C:\\Users\\Shashi Anand\\OneDrive\\Desktop\\Learn_React\\LearnReact\\src\\components\\Header.js": {"path":"C:\\Users\\Shashi Anand\\OneDrive\\Desktop\\Learn_React\\LearnReact\\src\\components\\Header.js","statementMap":{"0":{"start":{"line":9,"column":15},"end":{"line":52,"column":1}},"1":{"start":{"line":10,"column":26},"end":{"line":10,"column":43}},"2":{"start":{"line":11,"column":21},"end":{"line":11,"column":38}},"3":{"start":{"line":12,"column":25},"end":{"line":12,"column":48}},"4":{"start":{"line":13,"column":20},"end":{"line":13,"column":60}},"5":{"start":{"line":13,"column":43},"end":{"line":13,"column":59}},"6":{"start":{"line":15,"column":2},"end":{"line":51,"column":4}},"7":{"start":{"line":40,"column":16},"end":{"line":41,"column":38}},"8":{"start":{"line":40,"column":38},"end":{"line":40,"column":56}},"9":{"start":{"line":41,"column":21},"end":{"line":41,"column":38}}},"fnMap":{"0":{"name":"(anonymous_0)","decl":{"start":{"line":9,"column":15},"end":{"line":9,"column":16}},"loc":{"start":{"line":9,"column":21},"end":{"line":52,"column":1}},"line":9},"1":{"name":"(anonymous_1)","decl":{"start":{"line":13,"column":32},"end":{"line":13,"column":33}},"loc":{"start":{"line":13,"column":43},"end":{"line":13,"column":59}},"line":13},"2":{"name":"(anonymous_2)","decl":{"start":{"line":39,"column":23},"end":{"line":39,"column":24}},"loc":{"start":{"line":39,"column":29},"end":{"line":42,"column":15}},"line":39}},"branchMap":{"0":{"loc":{"start":{"line":20,"column":30},"end":{"line":20,"column":62}},"type":"cond-expr","locations":[{"start":{"line":20,"column":52},"end":{"line":20,"column":56}},{"start":{"line":20,"column":59},"end":{"line":20,"column":62}}],"line":20},"1":{"loc":{"start":{"line":40,"column":16},"end":{"line":41,"column":38}},"type":"if","locations":[{"start":{"line":40,"column":16},"end":{"line":41,"column":38}},{"start":{"line":41,"column":21},"end":{"line":41,"column":38}}],"line":40}},"s":{"0":1,"1":6,"2":6,"3":6,"4":6,"5":11,"6":6,"7":1,"8":1,"9":0},"f":{"0":6,"1":11,"2":1},"b":{"0":[0,6],"1":[1,0]},"_coverageSchema":"1a1c01bbd47fc00a2c39e90264f33305004495a9","hash":"f07fd4e6e52ba26020a95352435d6ea993b99d86"}
,"C:\\Users\\Shashi Anand\\OneDrive\\Desktop\\Learn_React\\LearnReact\\src\\components\\RestaurantCard.js": {"path":"C:\\Users\\Shashi Anand\\OneDrive\\Desktop\\Learn_React\\LearnReact\\src\\components\\RestaurantCard.js","statementMap":{"0":{"start":{"line":4,"column":23},"end":{"line":46,"column":1}},"1":{"start":{"line":5,"column":22},"end":{"line":5,"column":27}},"2":{"start":{"line":14,"column":6},"end":{"line":14,"column":19}},"3":{"start":{"line":16,"column":2},"end":{"line":45,"column":4}},"4":{"start":{"line":48,"column":34},"end":{"line":59,"column":1}},"5":{"start":{"line":49,"column":2},"end":{"line":58,"column":4}},"6":{"start":{"line":50,"column":4},"end":{"line":57,"column":6}}},"fnMap":{"0":{"name":"(anonymous_0)","decl":{"start":{"line":4,"column":23},"end":{"line":4,"column":24}},"loc":{"start":{"line":4,"column":34},"end":{"line":46,"column":1}},"line":4},"1":{"name":"(anonymous_1)","decl":{"start":{"line":48,"column":34},"end":{"line":48,"column":35}},"loc":{"start":{"line":48,"column":54},"end":{"line":59,"column":1}},"line":48},"2":{"name":"(anonymous_2)","decl":{"start":{"line":49,"column":9},"end":{"line":49,"column":10}},"loc":{"start":{"line":49,"column":20},"end":{"line":58,"column":3}},"line":49}},"branchMap":{},"s":{"0":1,"1":1,"2":1,"3":1,"4":1,"5":0,"6":0},"f":{"0":1,"1":0,"2":0},"b":{},"_coverageSchema":"1a1c01bbd47fc00a2c39e90264f33305004495a9","hash":"f01260d145773a931d7e3e27abe068b510c12abe"}
,"C:\\Users\\Shashi Anand\\OneDrive\\Desktop\\Learn_React\\LearnReact\\src\\components\\Sum.js": {"path":"C:\\Users\\Shashi Anand\\OneDrive\\Desktop\\Learn_React\\LearnReact\\src\\components\\Sum.js","statementMap":{"0":{"start":{"line":2,"column":19},"end":{"line":4,"column":1}},"1":{"start":{"line":3,"column":4},"end":{"line":3,"column":17}}},"fnMap":{"0":{"name":"(anonymous_0)","decl":{"start":{"line":2,"column":19},"end":{"line":2,"column":20}},"loc":{"start":{"line":2,"column":29},"end":{"line":4,"column":1}},"line":2}},"branchMap":{},"s":{"0":1,"1":1},"f":{"0":1},"b":{},"_coverageSchema":"1a1c01bbd47fc00a2c39e90264f33305004495a9","hash":"438dc58b9aa5014493b61e8e49fa0f0b3f6a287e"}
,"C:\\Users\\Shashi Anand\\OneDrive\\Desktop\\Learn_React\\LearnReact\\src\\components\\mocks\\ResCardMock.js": {"path":"C:\\Users\\Shashi Anand\\OneDrive\\Desktop\\Learn_React\\LearnReact\\src\\components\\mocks\\ResCardMock.js","statementMap":{"0":{"start":{"line":3,"column":20},"end":{"line":76,"column":1}}},"fnMap":{},"branchMap":{},"s":{"0":1},"f":{},"b":{},"_coverageSchema":"1a1c01bbd47fc00a2c39e90264f33305004495a9","hash":"988eaa1b8f084df272c19f123760efcb8db8152e"}
,"C:\\Users\\Shashi Anand\\OneDrive\\Desktop\\Learn_React\\LearnReact\\src\\utils\\appStore.js": {"path":"C:\\Users\\Shashi Anand\\OneDrive\\Desktop\\Learn_React\\LearnReact\\src\\utils\\appStore.js","statementMap":{"0":{"start":{"line":4,"column":17},"end":{"line":8,"column":2}}},"fnMap":{},"branchMap":{},"s":{"0":1},"f":{},"b":{},"_coverageSchema":"1a1c01bbd47fc00a2c39e90264f33305004495a9","hash":"a5a925aae37b50420533fc8af258395b9e846bd4"}
,"C:\\Users\\Shashi Anand\\OneDrive\\Desktop\\Learn_React\\LearnReact\\src\\utils\\cartSlice.js": {"path":"C:\\Users\\Shashi Anand\\OneDrive\\Desktop\\Learn_React\\LearnReact\\src\\utils\\cartSlice.js","statementMap":{"0":{"start":{"line":3,"column":18},"end":{"line":19,"column":2}},"1":{"start":{"line":10,"column":12},"end":{"line":10,"column":44}},"2":{"start":{"line":13,"column":12},"end":{"line":13,"column":30}},"3":{"start":{"line":16,"column":12},"end":{"line":16,"column":35}},"4":{"start":{"line":21,"column":49},"end":{"line":21,"column":66}}},"fnMap":{"0":{"name":"(anonymous_0)","decl":{"start":{"line":9,"column":18},"end":{"line":9,"column":19}},"loc":{"start":{"line":9,"column":37},"end":{"line":11,"column":9}},"line":9},"1":{"name":"(anonymous_1)","decl":{"start":{"line":12,"column":21},"end":{"line":12,"column":22}},"loc":{"start":{"line":12,"column":40},"end":{"line":14,"column":9}},"line":12},"2":{"name":"(anonymous_2)","decl":{"start":{"line":15,"column":21},"end":{"line":15,"column":22}},"loc":{"start":{"line":15,"column":40},"end":{"line":17,"column":9}},"line":15}},"branchMap":{},"s":{"0":1,"1":0,"2":0,"3":0,"4":1},"f":{"0":0,"1":0,"2":0},"b":{},"_coverageSchema":"1a1c01bbd47fc00a2c39e90264f33305004495a9","hash":"4a31c9a8ac3cd3b3c87e999cb57b4758124b7079"}
,"C:\\Users\\Shashi Anand\\OneDrive\\Desktop\\Learn_React\\LearnReact\\src\\utils\\constants.js": {"path":"C:\\Users\\Shashi Anand\\OneDrive\\Desktop\\Learn_React\\LearnReact\\src\\utils\\constants.js","statementMap":{"0":{"start":{"line":5,"column":28},"end":{"line":5,"column":111}},"1":{"start":{"line":7,"column":24},"end":{"line":7,"column":147}},"2":{"start":{"line":9,"column":30},"end":{"line":9,"column":137}},"3":{"start":{"line":11,"column":33},"end":{"line":93,"column":1}}},"fnMap":{},"branchMap":{},"s":{"0":1,"1":1,"2":1,"3":1},"f":{},"b":{},"_coverageSchema":"1a1c01bbd47fc00a2c39e90264f33305004495a9","hash":"67da01d59183331ccd0770a625fe4b69f607f27f"}
,"C:\\Users\\Shashi Anand\\OneDrive\\Desktop\\Learn_React\\LearnReact\\src\\utils\\useOnlineStatus.js": {"path":"C:\\Users\\Shashi Anand\\OneDrive\\Desktop\\Learn_React\\LearnReact\\src\\utils\\useOnlineStatus.js","statementMap":{"0":{"start":{"line":3,"column":24},"end":{"line":16,"column":1}},"1":{"start":{"line":4,"column":44},"end":{"line":4,"column":58}},"2":{"start":{"line":6,"column":4},"end":{"line":13,"column":9}},"3":{"start":{"line":7,"column":8},"end":{"line":9,"column":11}},"4":{"start":{"line":8,"column":12},"end":{"line":8,"column":35}},"5":{"start":{"line":10,"column":8},"end":{"line":12,"column":10}},"6":{"start":{"line":11,"column":12},"end":{"line":11,"column":34}},"7":{"start":{"line":15,"column":4},"end":{"line":15,"column":24}}},"fnMap":{"0":{"name":"(anonymous_0)","decl":{"start":{"line":3,"column":24},"end":{"line":3,"column":25}},"loc":{"start":{"line":3,"column":30},"end":{"line":16,"column":1}},"line":3},"1":{"name":"(anonymous_1)","decl":{"start":{"line":6,"column":14},"end":{"line":6,"column":15}},"loc":{"start":{"line":6,"column":20},"end":{"line":13,"column":5}},"line":6},"2":{"name":"(anonymous_2)","decl":{"start":{"line":7,"column":43},"end":{"line":7,"column":44}},"loc":{"start":{"line":7,"column":47},"end":{"line":9,"column":9}},"line":7},"3":{"name":"(anonymous_3)","decl":{"start":{"line":10,"column":42},"end":{"line":10,"column":43}},"loc":{"start":{"line":10,"column":46},"end":{"line":12,"column":9}},"line":10}},"branchMap":{},"s":{"0":1,"1":6,"2":6,"3":5,"4":0,"5":5,"6":0,"7":6},"f":{"0":6,"1":5,"2":0,"3":0},"b":{},"_coverageSchema":"1a1c01bbd47fc00a2c39e90264f33305004495a9","hash":"006838998c48904ca3e93aacd35224d7f25457d9"}
,"C:\\Users\\Shashi Anand\\OneDrive\\Desktop\\Learn_React\\LearnReact\\src\\utils\\userContext.js": {"path":"C:\\Users\\Shashi Anand\\OneDrive\\Desktop\\Learn_React\\LearnReact\\src\\utils\\userContext.js","statementMap":{"0":{"start":{"line":3,"column":20},"end":{"line":5,"column":2}}},"fnMap":{},"branchMap":{},"s":{"0":1},"f":{},"b":{},"_coverageSchema":"1a1c01bbd47fc00a2c39e90264f33305004495a9","hash":"27347c20d3652165d09563a673eb7de818cc11c2"}
}
