{"C:\\Users\\Shashi Anand\\OneDrive\\Desktop\\Learn_React\\LearnReact\\src\\components\\Body.js": {"path":"C:\\Users\\Shashi Anand\\OneDrive\\Desktop\\Learn_React\\LearnReact\\src\\components\\Body.js","statementMap":{"0":{"start":{"line":11,"column":13},"end":{"line":79,"column":1}},"1":{"start":{"line":12,"column":46},"end":{"line":12,"column":58}},"2":{"start":{"line":13,"column":42},"end":{"line":13,"column":54}},"3":{"start":{"line":14,"column":36},"end":{"line":14,"column":48}},"4":{"start":{"line":17,"column":4},"end":{"line":32,"column":5}},"5":{"start":{"line":18,"column":19},"end":{"line":18,"column":46}},"6":{"start":{"line":19,"column":19},"end":{"line":19,"column":36}},"7":{"start":{"line":20,"column":6},"end":{"line":20,"column":24}},"8":{"start":{"line":22,"column":6},"end":{"line":25,"column":8}},"9":{"start":{"line":26,"column":6},"end":{"line":29,"column":8}},"10":{"start":{"line":31,"column":6},"end":{"line":31,"column":35}},"11":{"start":{"line":35,"column":2},"end":{"line":37,"column":9}},"12":{"start":{"line":36,"column":4},"end":{"line":36,"column":15}},"13":{"start":{"line":40,"column":23},"end":{"line":40,"column":118}},"14":{"start":{"line":40,"column":54},"end":{"line":40,"column":117}},"15":{"start":{"line":41,"column":4},"end":{"line":41,"column":31}},"16":{"start":{"line":44,"column":28},"end":{"line":44,"column":62}},"17":{"start":{"line":45,"column":36},"end":{"line":45,"column":59}},"18":{"start":{"line":47,"column":21},"end":{"line":47,"column":38}},"19":{"start":{"line":48,"column":2},"end":{"line":49,"column":71}},"20":{"start":{"line":49,"column":4},"end":{"line":49,"column":71}},"21":{"start":{"line":50,"column":2},"end":{"line":78,"column":4}},"22":{"start":{"line":57,"column":10},"end":{"line":57,"column":39}},"23":{"start":{"line":65,"column":10},"end":{"line":74,"column":17}}},"fnMap":{"0":{"name":"(anonymous_0)","decl":{"start":{"line":11,"column":13},"end":{"line":11,"column":14}},"loc":{"start":{"line":11,"column":19},"end":{"line":79,"column":1}},"line":11},"1":{"name":"getCards","decl":{"start":{"line":16,"column":17},"end":{"line":16,"column":25}},"loc":{"start":{"line":16,"column":28},"end":{"line":33,"column":3}},"line":16},"2":{"name":"(anonymous_2)","decl":{"start":{"line":35,"column":12},"end":{"line":35,"column":13}},"loc":{"start":{"line":35,"column":18},"end":{"line":37,"column":3}},"line":35},"3":{"name":"handleSearch","decl":{"start":{"line":39,"column":11},"end":{"line":39,"column":23}},"loc":{"start":{"line":39,"column":25},"end":{"line":42,"column":3}},"line":39},"4":{"name":"(anonymous_4)","decl":{"start":{"line":40,"column":45},"end":{"line":40,"column":46}},"loc":{"start":{"line":40,"column":54},"end":{"line":40,"column":117}},"line":40},"5":{"name":"(anonymous_5)","decl":{"start":{"line":56,"column":135},"end":{"line":56,"column":136}},"loc":{"start":{"line":56,"column":142},"end":{"line":58,"column":9}},"line":56},"6":{"name":"(anonymous_6)","decl":{"start":{"line":64,"column":26},"end":{"line":64,"column":27}},"loc":{"start":{"line":65,"column":10},"end":{"line":74,"column":17}},"line":65}},"branchMap":{"0":{"loc":{"start":{"line":48,"column":2},"end":{"line":49,"column":71}},"type":"if","locations":[{"start":{"line":48,"column":2},"end":{"line":49,"column":71}},{"start":{},"end":{}}],"line":48},"1":{"loc":{"start":{"line":50,"column":9},"end":{"line":78,"column":3}},"type":"cond-expr","locations":[{"start":{"line":51,"column":4},"end":{"line":51,"column":15}},{"start":{"line":53,"column":4},"end":{"line":77,"column":10}}],"line":50},"2":{"loc":{"start":{"line":69,"column":13},"end":{"line":73,"column":13}},"type":"cond-expr","locations":[{"start":{"line":70,"column":14},"end":{"line":70,"column":56}},{"start":{"line":72,"column":14},"end":{"line":72,"column":53}}],"line":69}},"s":{"0":1,"1":7,"2":6,"3":6,"4":2,"5":2,"6":2,"7":2,"8":2,"9":2,"10":0,"11":6,"12":2,"13":1,"14":16,"15":1,"16":6,"17":6,"18":6,"19":6,"20":0,"21":6,"22":1,"23":50},"f":{"0":7,"1":2,"2":2,"3":1,"4":16,"5":1,"6":50},"b":{"0":[0,6],"1":[2,4],"2":[12,38]},"_coverageSchema":"1a1c01bbd47fc00a2c39e90264f33305004495a9","hash":"f4f9a5a311b649ac41b480099144bd7737d2ed41"}
,"C:\\Users\\Shashi Anand\\OneDrive\\Desktop\\Learn_React\\LearnReact\\src\\components\\RestaurantCard.js": {"path":"C:\\Users\\Shashi Anand\\OneDrive\\Desktop\\Learn_React\\LearnReact\\src\\components\\RestaurantCard.js","statementMap":{"0":{"start":{"line":4,"column":23},"end":{"line":46,"column":1}},"1":{"start":{"line":5,"column":22},"end":{"line":5,"column":27}},"2":{"start":{"line":14,"column":6},"end":{"line":14,"column":19}},"3":{"start":{"line":16,"column":2},"end":{"line":45,"column":4}},"4":{"start":{"line":48,"column":34},"end":{"line":59,"column":1}},"5":{"start":{"line":49,"column":2},"end":{"line":58,"column":4}},"6":{"start":{"line":50,"column":4},"end":{"line":57,"column":6}}},"fnMap":{"0":{"name":"(anonymous_0)","decl":{"start":{"line":4,"column":23},"end":{"line":4,"column":24}},"loc":{"start":{"line":4,"column":34},"end":{"line":46,"column":1}},"line":4},"1":{"name":"(anonymous_1)","decl":{"start":{"line":48,"column":34},"end":{"line":48,"column":35}},"loc":{"start":{"line":48,"column":54},"end":{"line":59,"column":1}},"line":48},"2":{"name":"(anonymous_2)","decl":{"start":{"line":49,"column":9},"end":{"line":49,"column":10}},"loc":{"start":{"line":49,"column":20},"end":{"line":58,"column":3}},"line":49}},"branchMap":{},"s":{"0":2,"1":51,"2":51,"3":51,"4":2,"5":6,"6":12},"f":{"0":51,"1":6,"2":12},"b":{},"_coverageSchema":"1a1c01bbd47fc00a2c39e90264f33305004495a9","hash":"f01260d145773a931d7e3e27abe068b510c12abe"}
,"C:\\Users\\Shashi Anand\\OneDrive\\Desktop\\Learn_React\\LearnReact\\src\\components\\mocks\\RestaurantMockData.js": {"path":"C:\\Users\\Shashi Anand\\OneDrive\\Desktop\\Learn_React\\LearnReact\\src\\components\\mocks\\RestaurantMockData.js","statementMap":{"0":{"start":{"line":3,"column":18},"end":{"line":3681,"column":1}}},"fnMap":{},"branchMap":{},"s":{"0":1},"f":{},"b":{},"_coverageSchema":"1a1c01bbd47fc00a2c39e90264f33305004495a9","hash":"17cbdd627387372315926ad40c6aad462f1da05f"}
}
