TN:
SF:src\components\Body.js
FN:11,(anonymous_0)
FN:16,getCards
FN:35,(anonymous_2)
FN:39,handleSearch
FN:40,(anonymous_4)
FN:56,(anonymous_5)
FN:64,(anonymous_6)
FNF:7
FNH:7
FNDA:7,(anonymous_0)
FNDA:2,getCards
FNDA:2,(anonymous_2)
FNDA:1,handleSearch
FNDA:16,(anonymous_4)
FNDA:1,(anonymous_5)
FNDA:50,(anonymous_6)
DA:11,1
DA:12,7
DA:13,6
DA:14,6
DA:17,2
DA:18,2
DA:19,2
DA:20,2
DA:22,2
DA:26,2
DA:31,0
DA:35,6
DA:36,2
DA:40,16
DA:41,1
DA:44,6
DA:45,6
DA:47,6
DA:48,6
DA:49,0
DA:50,6
DA:57,1
DA:65,50
LF:23
LH:21
BRDA:48,0,0,0
BRDA:48,0,1,6
BRDA:50,1,0,2
BRDA:50,1,1,4
BRDA:69,2,0,12
BRDA:69,2,1,38
BRF:6
BRH:5
end_of_record
TN:
SF:src\components\RestaurantCard.js
FN:4,(anonymous_0)
FN:48,(anonymous_1)
FN:49,(anonymous_2)
FNF:3
FNH:3
FNDA:51,(anonymous_0)
FNDA:6,(anonymous_1)
FNDA:12,(anonymous_2)
DA:4,2
DA:5,51
DA:14,51
DA:16,51
DA:48,2
DA:49,6
DA:50,12
LF:7
LH:7
BRF:0
BRH:0
end_of_record
TN:
SF:src\components\mocks\RestaurantMockData.js
FNF:0
FNH:0
DA:3,1
LF:1
LH:1
BRF:0
BRH:0
end_of_record
