TN:
SF:src\components\Body.js
FN:11,(anonymous_0)
FN:16,getCards
FN:35,(anonymous_2)
FN:39,handleSearch
FN:40,(anonymous_4)
FN:43,handleTopRatedRes
FN:44,(anonymous_6)
FN:60,(anonymous_7)
FN:69,(anonymous_8)
FNF:9
FNH:9
FNDA:10,(anonymous_0)
FNDA:3,getCards
FNDA:3,(anonymous_2)
FNDA:1,handleSearch
FNDA:16,(anonymous_4)
FNDA:1,handleTopRatedRes
FNDA:16,(anonymous_6)
FNDA:1,(anonymous_7)
FNDA:77,(anonymous_8)
DA:11,1
DA:12,10
DA:13,9
DA:14,9
DA:17,3
DA:18,3
DA:19,3
DA:20,3
DA:22,3
DA:26,3
DA:31,0
DA:35,9
DA:36,3
DA:40,16
DA:41,1
DA:44,16
DA:45,1
DA:48,9
DA:49,9
DA:51,9
DA:52,9
DA:53,0
DA:54,9
DA:61,1
DA:70,77
LF:25
LH:23
BRDA:44,0,0,11
BRDA:44,0,1,5
BRDA:52,1,0,0
BRDA:52,1,1,9
BRDA:54,2,0,3
BRDA:54,2,1,6
BRDA:74,3,0,18
BRDA:74,3,1,59
BRF:8
BRH:7
end_of_record
TN:
SF:src\components\mocks\RestaurantMockData.js
FNF:0
FNH:0
DA:3,1
LF:1
LH:1
BRF:0
BRH:0
end_of_record
